[debug] [2025-02-17T20:06:47.444Z] ----------------------------------------------------------------------
[debug] [2025-02-17T20:06:47.446Z] Command:       C:\Program Files\nodejs\node.exe C:\Users\meeta\AppData\Roaming\npm\node_modules\firebase-tools\lib\bin\firebase.js emulators:start
[debug] [2025-02-17T20:06:47.446Z] CLI Version:   13.31.1
[debug] [2025-02-17T20:06:47.447Z] Platform:      win32
[debug] [2025-02-17T20:06:47.447Z] Node Version:  v22.13.0
[debug] [2025-02-17T20:06:47.447Z] Time:          Tue Feb 18 2025 01:36:47 GMT+0530 (India Standard Time)
[debug] [2025-02-17T20:06:47.447Z] ----------------------------------------------------------------------
[debug] 
[debug] [2025-02-17T20:06:47.681Z] > command requires scopes: ["email","openid","https://www.googleapis.com/auth/cloudplatformprojects.readonly","https://www.googleapis.com/auth/firebase","https://www.googleapis.com/auth/cloud-platform"]
[debug] [2025-02-17T20:06:47.681Z] > authorizing via signed-in user (meetagund@gmail.com)
[debug] [2025-02-17T20:06:47.820Z] java version "23.0.2" 2025-01-21

[debug] [2025-02-17T20:06:47.821Z] Java(TM) SE Runtime Environment (build 23.0.2+7-58)
Java HotSpot(TM) 64-Bit Server VM (build 23.0.2+7-58, mixed mode, sharing)

[debug] [2025-02-17T20:06:47.834Z] Parsed Java major version: 23
[info] i  emulators: Starting emulators: firestore, storage {"metadata":{"emulator":{"name":"hub"},"message":"Starting emulators: firestore, storage"}}
[debug] [2025-02-17T20:06:47.847Z] [logging] Logging Emulator only supports listening on one address (127.0.0.1). Not listening on ::1
[debug] [2025-02-17T20:06:47.848Z] [firestore] Firestore Emulator only supports listening on one address (127.0.0.1). Not listening on ::1
[debug] [2025-02-17T20:06:47.848Z] [firestore.websocket] websocket server for firestore only supports listening on one address (127.0.0.1). Not listening on ::1
[debug] [2025-02-17T20:06:47.848Z] [storage] Storage Emulator only supports listening on one address (127.0.0.1). Not listening on ::1
[debug] [2025-02-17T20:06:47.848Z] assigned listening specs for emulators {"user":{"hub":[{"address":"127.0.0.1","family":"IPv4","port":4400},{"address":"::1","family":"IPv6","port":4400}],"ui":[{"address":"127.0.0.1","family":"IPv4","port":4000},{"address":"::1","family":"IPv6","port":4000}],"logging":[{"address":"127.0.0.1","family":"IPv4","port":4500}],"firestore":[{"address":"127.0.0.1","family":"IPv4","port":8080}],"firestore.websocket":[{"address":"127.0.0.1","family":"IPv4","port":9150}],"storage":[{"address":"127.0.0.1","family":"IPv4","port":9199}]},"metadata":{"message":"assigned listening specs for emulators"}}
[debug] [2025-02-17T20:06:47.853Z] [hub] writing locator at C:\Users\meeta\AppData\Local\Temp\hub-chatbot-a8da4.json
[debug] [2025-02-17T20:06:47.867Z] Ignoring unsupported arg: auto_download {"metadata":{"emulator":{"name":"firestore"},"message":"Ignoring unsupported arg: auto_download"}}
[debug] [2025-02-17T20:06:47.867Z] Ignoring unsupported arg: single_project_mode_error {"metadata":{"emulator":{"name":"firestore"},"message":"Ignoring unsupported arg: single_project_mode_error"}}
[debug] [2025-02-17T20:06:47.867Z] Starting Firestore Emulator with command {"binary":"java","args":["-Dgoogle.cloud_firestore.debug_log_level=FINE","-Duser.language=en","-jar","C:\\Users\\meeta\\.cache\\firebase\\emulators\\cloud-firestore-emulator-v1.19.8.jar","--host","127.0.0.1","--port",8080,"--websocket_port",9150,"--project_id","chatbot-a8da4","--rules","C:\\Users\\meeta\\OneDrive\\Desktop\\chatbot-project\\backend\\firestore.rules","--single_project_mode",true],"optionalArgs":["port","webchannel_port","host","rules","websocket_port","functions_emulator","seed_from_export","project_id","single_project_mode"],"joinArgs":false,"shell":false,"port":8080} {"metadata":{"emulator":{"name":"firestore"},"message":"Starting Firestore Emulator with command {\"binary\":\"java\",\"args\":[\"-Dgoogle.cloud_firestore.debug_log_level=FINE\",\"-Duser.language=en\",\"-jar\",\"C:\\\\Users\\\\meeta\\\\.cache\\\\firebase\\\\emulators\\\\cloud-firestore-emulator-v1.19.8.jar\",\"--host\",\"127.0.0.1\",\"--port\",8080,\"--websocket_port\",9150,\"--project_id\",\"chatbot-a8da4\",\"--rules\",\"C:\\\\Users\\\\meeta\\\\OneDrive\\\\Desktop\\\\chatbot-project\\\\backend\\\\firestore.rules\",\"--single_project_mode\",true],\"optionalArgs\":[\"port\",\"webchannel_port\",\"host\",\"rules\",\"websocket_port\",\"functions_emulator\",\"seed_from_export\",\"project_id\",\"single_project_mode\"],\"joinArgs\":false,\"shell\":false,\"port\":8080}"}}
[info] i  firestore: Firestore Emulator logging to firestore-debug.log {"metadata":{"emulator":{"name":"firestore"},"message":"Firestore Emulator logging to \u001b[1mfirestore-debug.log\u001b[22m"}}
[debug] [2025-02-17T20:06:49.733Z] Feb 18, 2025 1:36:49 AM com.google.cloud.datastore.emulator.firestore.websocket.WebSocketServer start
INFO: Started WebSocket server on ws://127.0.0.1:9150
 {"metadata":{"emulator":{"name":"firestore"},"message":"Feb 18, 2025 1:36:49 AM com.google.cloud.datastore.emulator.firestore.websocket.WebSocketServer start\r\nINFO: Started WebSocket server on ws://127.0.0.1:9150\r\n"}}
[debug] [2025-02-17T20:06:49.814Z] API endpoint: http:// {"metadata":{"emulator":{"name":"firestore"},"message":"API endpoint: http://"}}
[debug] [2025-02-17T20:06:49.815Z] 127.0.0.1:8080
If you are using a library that supports the FIRESTORE_EMULATOR_HOST environment variable, run:

   export FIRESTORE_EMULATOR_HOST=127.0.0.1:8080

If you are running a Firestore in Datastore Mode project, run:

   export DATASTORE_EMULATOR_HOST=127.0.0.1:8080

Note: Support for Datastore Mode is in preview. If you encounter any bugs please file at https://github.com/firebase/firebase-tools/issues.
Dev App Server is now running.

 {"metadata":{"emulator":{"name":"firestore"},"message":"127.0.0.1:8080\nIf you are using a library that supports the FIRESTORE_EMULATOR_HOST environment variable, run:\r\n\n   export FIRESTORE_EMULATOR_HOST=127.0.0.1:8080\n\nIf you are running a Firestore in Datastore Mode project, run:\r\n\n   export DATASTORE_EMULATOR_HOST=127.0.0.1:8080\n\nNote: Support for Datastore Mode is in preview. If you encounter any bugs please file at https://github.com/firebase/firebase-tools/issues.\r\nDev App Server is now running.\n\r\n"}}
[info] +  firestore: Firestore Emulator UI websocket is running on 9150. {"metadata":{"emulator":{"name":"firestore"},"message":"Firestore Emulator UI websocket is running on 9150."}}
[debug] [2025-02-17T20:06:49.985Z] Ignoring unsupported arg: port {"metadata":{"emulator":{"name":"storage"},"message":"Ignoring unsupported arg: port"}}
[debug] [2025-02-17T20:06:51.295Z] Temp file directory for storage emulator: C:\Users\meeta\AppData\Local\Temp/firebase/storage/blobs {"metadata":{"emulator":{"name":"storage"},"message":"Temp file directory for storage emulator: C:\\Users\\meeta\\AppData\\Local\\Temp/firebase/storage/blobs"}}
[info] i  ui: downloading ui-v1.14.0.zip... {"metadata":{"emulator":{"name":"ui"},"message":"downloading ui-v1.14.0.zip..."}}
[debug] [2025-02-17T20:06:51.311Z] >>> [apiv2][query] GET https://storage.googleapis.com/firebase-preview-drop/emulator/ui-v1.14.0.zip 
[debug] [2025-02-17T20:06:51.642Z] <<< [apiv2][status] GET https://storage.googleapis.com/firebase-preview-drop/emulator/ui-v1.14.0.zip 200
[debug] [2025-02-17T20:06:51.643Z] <<< [apiv2][body] GET https://storage.googleapis.com/firebase-preview-drop/emulator/ui-v1.14.0.zip [stream]
[debug] [2025-02-17T20:06:51.991Z] Data is 3615311
[debug] [2025-02-17T20:06:51.991Z] [unzip] Entry: client/ (compressed_size=0 bytes, uncompressed_size=0 bytes)
[debug] [2025-02-17T20:06:51.991Z] [unzip] Processing entry: client\
[debug] [2025-02-17T20:06:51.991Z] [unzip] mkdir: C:\Users\meeta\.cache\firebase\emulators\ui-v1.14.0\client\
[debug] [2025-02-17T20:06:51.994Z] [unzip] Entry: client/favicon-16x16.png (compressed_size=293 bytes, uncompressed_size=293 bytes)
[debug] [2025-02-17T20:06:51.994Z] [unzip] Processing entry: client\favicon-16x16.png
[debug] [2025-02-17T20:06:51.995Z] [unzip] else mkdir: C:\Users\meeta\.cache\firebase\emulators\ui-v1.14.0\client
[debug] [2025-02-17T20:06:51.995Z] [unzip] Writing file: C:\Users\meeta\.cache\firebase\emulators\ui-v1.14.0\client\favicon-16x16.png
[debug] [2025-02-17T20:06:52.001Z] [unzip] Entry: client/safari-pinned-tab.svg (compressed_size=1433 bytes, uncompressed_size=2611 bytes)
[debug] [2025-02-17T20:06:52.002Z] [unzip] Processing entry: client\safari-pinned-tab.svg
[debug] [2025-02-17T20:06:52.002Z] [unzip] else mkdir: C:\Users\meeta\.cache\firebase\emulators\ui-v1.14.0\client
[debug] [2025-02-17T20:06:52.003Z] [unzip] deflating: C:\Users\meeta\.cache\firebase\emulators\ui-v1.14.0\client\safari-pinned-tab.svg
[debug] [2025-02-17T20:06:52.007Z] [unzip] Entry: client/favicon.ico (compressed_size=2933 bytes, uncompressed_size=13294 bytes)
[debug] [2025-02-17T20:06:52.007Z] [unzip] Processing entry: client\favicon.ico
[debug] [2025-02-17T20:06:52.007Z] [unzip] else mkdir: C:\Users\meeta\.cache\firebase\emulators\ui-v1.14.0\client
[debug] [2025-02-17T20:06:52.008Z] [unzip] deflating: C:\Users\meeta\.cache\firebase\emulators\ui-v1.14.0\client\favicon.ico
[debug] [2025-02-17T20:06:52.014Z] [unzip] Entry: client/index.html (compressed_size=1363 bytes, uncompressed_size=3071 bytes)
[debug] [2025-02-17T20:06:52.014Z] [unzip] Processing entry: client\index.html
[debug] [2025-02-17T20:06:52.014Z] [unzip] else mkdir: C:\Users\meeta\.cache\firebase\emulators\ui-v1.14.0\client
[debug] [2025-02-17T20:06:52.015Z] [unzip] deflating: C:\Users\meeta\.cache\firebase\emulators\ui-v1.14.0\client\index.html
[debug] [2025-02-17T20:06:52.018Z] [unzip] Entry: client/android-chrome-192x192.png (compressed_size=2684 bytes, uncompressed_size=2684 bytes)
[debug] [2025-02-17T20:06:52.018Z] [unzip] Processing entry: client\android-chrome-192x192.png
[debug] [2025-02-17T20:06:52.019Z] [unzip] else mkdir: C:\Users\meeta\.cache\firebase\emulators\ui-v1.14.0\client
[debug] [2025-02-17T20:06:52.019Z] [unzip] Writing file: C:\Users\meeta\.cache\firebase\emulators\ui-v1.14.0\client\android-chrome-192x192.png
[debug] [2025-02-17T20:06:52.020Z] [unzip] Entry: client/apple-touch-icon.png (compressed_size=2123 bytes, uncompressed_size=2152 bytes)
[debug] [2025-02-17T20:06:52.020Z] [unzip] Processing entry: client\apple-touch-icon.png
[debug] [2025-02-17T20:06:52.020Z] [unzip] else mkdir: C:\Users\meeta\.cache\firebase\emulators\ui-v1.14.0\client
[debug] [2025-02-17T20:06:52.020Z] [unzip] deflating: C:\Users\meeta\.cache\firebase\emulators\ui-v1.14.0\client\apple-touch-icon.png
[debug] [2025-02-17T20:06:52.021Z] [unzip] Entry: client/android-chrome-512x512.png (compressed_size=5369 bytes, uncompressed_size=5411 bytes)
[debug] [2025-02-17T20:06:52.022Z] [unzip] Processing entry: client\android-chrome-512x512.png
[debug] [2025-02-17T20:06:52.022Z] [unzip] else mkdir: C:\Users\meeta\.cache\firebase\emulators\ui-v1.14.0\client
[debug] [2025-02-17T20:06:52.022Z] [unzip] deflating: C:\Users\meeta\.cache\firebase\emulators\ui-v1.14.0\client\android-chrome-512x512.png
[debug] [2025-02-17T20:06:52.023Z] [unzip] Entry: client/manifest.json (compressed_size=245 bytes, uncompressed_size=551 bytes)
[debug] [2025-02-17T20:06:52.024Z] [unzip] Processing entry: client\manifest.json
[debug] [2025-02-17T20:06:52.024Z] [unzip] else mkdir: C:\Users\meeta\.cache\firebase\emulators\ui-v1.14.0\client
[debug] [2025-02-17T20:06:52.024Z] [unzip] deflating: C:\Users\meeta\.cache\firebase\emulators\ui-v1.14.0\client\manifest.json
[debug] [2025-02-17T20:06:52.028Z] [unzip] Entry: client/robots.txt (compressed_size=26 bytes, uncompressed_size=26 bytes)
[debug] [2025-02-17T20:06:52.028Z] [unzip] Processing entry: client\robots.txt
[debug] [2025-02-17T20:06:52.028Z] [unzip] else mkdir: C:\Users\meeta\.cache\firebase\emulators\ui-v1.14.0\client
[debug] [2025-02-17T20:06:52.028Z] [unzip] Writing file: C:\Users\meeta\.cache\firebase\emulators\ui-v1.14.0\client\robots.txt
[debug] [2025-02-17T20:06:52.029Z] [unzip] Entry: client/mstile-150x150.png (compressed_size=2034 bytes, uncompressed_size=2034 bytes)
[debug] [2025-02-17T20:06:52.029Z] [unzip] Processing entry: client\mstile-150x150.png
[debug] [2025-02-17T20:06:52.029Z] [unzip] else mkdir: C:\Users\meeta\.cache\firebase\emulators\ui-v1.14.0\client
[debug] [2025-02-17T20:06:52.030Z] [unzip] Writing file: C:\Users\meeta\.cache\firebase\emulators\ui-v1.14.0\client\mstile-150x150.png
[debug] [2025-02-17T20:06:52.031Z] [unzip] Entry: client/assets/ (compressed_size=0 bytes, uncompressed_size=0 bytes)
[debug] [2025-02-17T20:06:52.031Z] [unzip] Processing entry: client\assets\
[debug] [2025-02-17T20:06:52.031Z] [unzip] mkdir: C:\Users\meeta\.cache\firebase\emulators\ui-v1.14.0\client\assets\
[debug] [2025-02-17T20:06:52.032Z] [unzip] Entry: client/assets/index-ClZTY_JS.js.map (compressed_size=2328270 bytes, uncompressed_size=9947004 bytes)
[debug] [2025-02-17T20:06:52.032Z] [unzip] Processing entry: client\assets\index-ClZTY_JS.js.map
[debug] [2025-02-17T20:06:52.032Z] [unzip] else mkdir: C:\Users\meeta\.cache\firebase\emulators\ui-v1.14.0\client\assets
[debug] [2025-02-17T20:06:52.032Z] [unzip] deflating: C:\Users\meeta\.cache\firebase\emulators\ui-v1.14.0\client\assets\index-ClZTY_JS.js.map
[debug] [2025-02-17T20:06:52.116Z] [unzip] Entry: client/assets/index-ClZTY_JS.js (compressed_size=567195 bytes, uncompressed_size=2035940 bytes)
[debug] [2025-02-17T20:06:52.116Z] [unzip] Processing entry: client\assets\index-ClZTY_JS.js
[debug] [2025-02-17T20:06:52.116Z] [unzip] else mkdir: C:\Users\meeta\.cache\firebase\emulators\ui-v1.14.0\client\assets
[debug] [2025-02-17T20:06:52.116Z] [unzip] deflating: C:\Users\meeta\.cache\firebase\emulators\ui-v1.14.0\client\assets\index-ClZTY_JS.js
[debug] [2025-02-17T20:06:52.130Z] [unzip] Entry: client/assets/index-BdgySamB.css (compressed_size=35979 bytes, uncompressed_size=298654 bytes)
[debug] [2025-02-17T20:06:52.130Z] [unzip] Processing entry: client\assets\index-BdgySamB.css
[debug] [2025-02-17T20:06:52.130Z] [unzip] else mkdir: C:\Users\meeta\.cache\firebase\emulators\ui-v1.14.0\client\assets
[debug] [2025-02-17T20:06:52.131Z] [unzip] deflating: C:\Users\meeta\.cache\firebase\emulators\ui-v1.14.0\client\assets\index-BdgySamB.css
[debug] [2025-02-17T20:06:52.141Z] [unzip] Entry: client/assets/extensions/ (compressed_size=0 bytes, uncompressed_size=0 bytes)
[debug] [2025-02-17T20:06:52.141Z] [unzip] Processing entry: client\assets\extensions\
[debug] [2025-02-17T20:06:52.141Z] [unzip] mkdir: C:\Users\meeta\.cache\firebase\emulators\ui-v1.14.0\client\assets\extensions\
[debug] [2025-02-17T20:06:52.142Z] [unzip] Entry: client/assets/extensions/default-extension.png (compressed_size=1646 bytes, uncompressed_size=1657 bytes)
[debug] [2025-02-17T20:06:52.142Z] [unzip] Processing entry: client\assets\extensions\default-extension.png
[debug] [2025-02-17T20:06:52.142Z] [unzip] else mkdir: C:\Users\meeta\.cache\firebase\emulators\ui-v1.14.0\client\assets\extensions
[debug] [2025-02-17T20:06:52.143Z] [unzip] deflating: C:\Users\meeta\.cache\firebase\emulators\ui-v1.14.0\client\assets\extensions\default-extension.png
[debug] [2025-02-17T20:06:52.145Z] [unzip] Entry: client/assets/img/ (compressed_size=0 bytes, uncompressed_size=0 bytes)
[debug] [2025-02-17T20:06:52.145Z] [unzip] Processing entry: client\assets\img\
[debug] [2025-02-17T20:06:52.145Z] [unzip] mkdir: C:\Users\meeta\.cache\firebase\emulators\ui-v1.14.0\client\assets\img\
[debug] [2025-02-17T20:06:52.146Z] [unzip] Entry: client/assets/img/database.png (compressed_size=29449 bytes, uncompressed_size=29988 bytes)
[debug] [2025-02-17T20:06:52.146Z] [unzip] Processing entry: client\assets\img\database.png
[debug] [2025-02-17T20:06:52.146Z] [unzip] else mkdir: C:\Users\meeta\.cache\firebase\emulators\ui-v1.14.0\client\assets\img
[debug] [2025-02-17T20:06:52.146Z] [unzip] deflating: C:\Users\meeta\.cache\firebase\emulators\ui-v1.14.0\client\assets\img\database.png
[debug] [2025-02-17T20:06:52.148Z] [unzip] Entry: client/assets/provider-icons/ (compressed_size=0 bytes, uncompressed_size=0 bytes)
[debug] [2025-02-17T20:06:52.149Z] [unzip] Processing entry: client\assets\provider-icons\
[debug] [2025-02-17T20:06:52.149Z] [unzip] mkdir: C:\Users\meeta\.cache\firebase\emulators\ui-v1.14.0\client\assets\provider-icons\
[debug] [2025-02-17T20:06:52.150Z] [unzip] Entry: client/assets/provider-icons/auth_service_saml.svg (compressed_size=575 bytes, uncompressed_size=1226 bytes)
[debug] [2025-02-17T20:06:52.150Z] [unzip] Processing entry: client\assets\provider-icons\auth_service_saml.svg
[debug] [2025-02-17T20:06:52.150Z] [unzip] else mkdir: C:\Users\meeta\.cache\firebase\emulators\ui-v1.14.0\client\assets\provider-icons
[debug] [2025-02-17T20:06:52.151Z] [unzip] deflating: C:\Users\meeta\.cache\firebase\emulators\ui-v1.14.0\client\assets\provider-icons\auth_service_saml.svg
[debug] [2025-02-17T20:06:52.152Z] [unzip] Entry: client/assets/provider-icons/auth_service_phone.svg (compressed_size=261 bytes, uncompressed_size=414 bytes)
[debug] [2025-02-17T20:06:52.153Z] [unzip] Processing entry: client\assets\provider-icons\auth_service_phone.svg
[debug] [2025-02-17T20:06:52.153Z] [unzip] else mkdir: C:\Users\meeta\.cache\firebase\emulators\ui-v1.14.0\client\assets\provider-icons
[debug] [2025-02-17T20:06:52.153Z] [unzip] deflating: C:\Users\meeta\.cache\firebase\emulators\ui-v1.14.0\client\assets\provider-icons\auth_service_phone.svg
[debug] [2025-02-17T20:06:52.155Z] [unzip] Entry: client/assets/provider-icons/auth_service_facebook.svg (compressed_size=289 bytes, uncompressed_size=457 bytes)
[debug] [2025-02-17T20:06:52.155Z] [unzip] Processing entry: client\assets\provider-icons\auth_service_facebook.svg
[debug] [2025-02-17T20:06:52.155Z] [unzip] else mkdir: C:\Users\meeta\.cache\firebase\emulators\ui-v1.14.0\client\assets\provider-icons
[debug] [2025-02-17T20:06:52.155Z] [unzip] deflating: C:\Users\meeta\.cache\firebase\emulators\ui-v1.14.0\client\assets\provider-icons\auth_service_facebook.svg
[debug] [2025-02-17T20:06:52.157Z] [unzip] Entry: client/assets/provider-icons/auth_service_game_center.svg (compressed_size=991 bytes, uncompressed_size=3921 bytes)
[debug] [2025-02-17T20:06:52.157Z] [unzip] Processing entry: client\assets\provider-icons\auth_service_game_center.svg
[debug] [2025-02-17T20:06:52.157Z] [unzip] else mkdir: C:\Users\meeta\.cache\firebase\emulators\ui-v1.14.0\client\assets\provider-icons
[debug] [2025-02-17T20:06:52.158Z] [unzip] deflating: C:\Users\meeta\.cache\firebase\emulators\ui-v1.14.0\client\assets\provider-icons\auth_service_game_center.svg
[debug] [2025-02-17T20:06:52.159Z] [unzip] Entry: client/assets/provider-icons/auth_service_apple.svg (compressed_size=230 bytes, uncompressed_size=334 bytes)
[debug] [2025-02-17T20:06:52.159Z] [unzip] Processing entry: client\assets\provider-icons\auth_service_apple.svg
[debug] [2025-02-17T20:06:52.159Z] [unzip] else mkdir: C:\Users\meeta\.cache\firebase\emulators\ui-v1.14.0\client\assets\provider-icons
[debug] [2025-02-17T20:06:52.160Z] [unzip] deflating: C:\Users\meeta\.cache\firebase\emulators\ui-v1.14.0\client\assets\provider-icons\auth_service_apple.svg
[debug] [2025-02-17T20:06:52.161Z] [unzip] Entry: client/assets/provider-icons/auth_service_github.svg (compressed_size=466 bytes, uncompressed_size=838 bytes)
[debug] [2025-02-17T20:06:52.161Z] [unzip] Processing entry: client\assets\provider-icons\auth_service_github.svg
[debug] [2025-02-17T20:06:52.161Z] [unzip] else mkdir: C:\Users\meeta\.cache\firebase\emulators\ui-v1.14.0\client\assets\provider-icons
[debug] [2025-02-17T20:06:52.161Z] [unzip] deflating: C:\Users\meeta\.cache\firebase\emulators\ui-v1.14.0\client\assets\provider-icons\auth_service_github.svg
[debug] [2025-02-17T20:06:52.162Z] [unzip] Entry: client/assets/provider-icons/auth_service_mslive.svg (compressed_size=203 bytes, uncompressed_size=378 bytes)
[debug] [2025-02-17T20:06:52.163Z] [unzip] Processing entry: client\assets\provider-icons\auth_service_mslive.svg
[debug] [2025-02-17T20:06:52.163Z] [unzip] else mkdir: C:\Users\meeta\.cache\firebase\emulators\ui-v1.14.0\client\assets\provider-icons
[debug] [2025-02-17T20:06:52.163Z] [unzip] deflating: C:\Users\meeta\.cache\firebase\emulators\ui-v1.14.0\client\assets\provider-icons\auth_service_mslive.svg
[debug] [2025-02-17T20:06:52.164Z] [unzip] Entry: client/assets/provider-icons/auth_service_yahoo.svg (compressed_size=577 bytes, uncompressed_size=1182 bytes)
[debug] [2025-02-17T20:06:52.164Z] [unzip] Processing entry: client\assets\provider-icons\auth_service_yahoo.svg
[debug] [2025-02-17T20:06:52.164Z] [unzip] else mkdir: C:\Users\meeta\.cache\firebase\emulators\ui-v1.14.0\client\assets\provider-icons
[debug] [2025-02-17T20:06:52.164Z] [unzip] deflating: C:\Users\meeta\.cache\firebase\emulators\ui-v1.14.0\client\assets\provider-icons\auth_service_yahoo.svg
[debug] [2025-02-17T20:06:52.166Z] [unzip] Entry: client/assets/provider-icons/auth_service_twitter.svg (compressed_size=444 bytes, uncompressed_size=751 bytes)
[debug] [2025-02-17T20:06:52.166Z] [unzip] Processing entry: client\assets\provider-icons\auth_service_twitter.svg
[debug] [2025-02-17T20:06:52.166Z] [unzip] else mkdir: C:\Users\meeta\.cache\firebase\emulators\ui-v1.14.0\client\assets\provider-icons
[debug] [2025-02-17T20:06:52.166Z] [unzip] deflating: C:\Users\meeta\.cache\firebase\emulators\ui-v1.14.0\client\assets\provider-icons\auth_service_twitter.svg
[debug] [2025-02-17T20:06:52.168Z] [unzip] Entry: client/assets/provider-icons/auth_service_play_games.svg (compressed_size=565 bytes, uncompressed_size=1173 bytes)
[debug] [2025-02-17T20:06:52.168Z] [unzip] Processing entry: client\assets\provider-icons\auth_service_play_games.svg
[debug] [2025-02-17T20:06:52.168Z] [unzip] else mkdir: C:\Users\meeta\.cache\firebase\emulators\ui-v1.14.0\client\assets\provider-icons
[debug] [2025-02-17T20:06:52.169Z] [unzip] deflating: C:\Users\meeta\.cache\firebase\emulators\ui-v1.14.0\client\assets\provider-icons\auth_service_play_games.svg
[debug] [2025-02-17T20:06:52.170Z] [unzip] Entry: client/assets/provider-icons/auth_service_email.svg (compressed_size=228 bytes, uncompressed_size=326 bytes)
[debug] [2025-02-17T20:06:52.170Z] [unzip] Processing entry: client\assets\provider-icons\auth_service_email.svg
[debug] [2025-02-17T20:06:52.170Z] [unzip] else mkdir: C:\Users\meeta\.cache\firebase\emulators\ui-v1.14.0\client\assets\provider-icons
[debug] [2025-02-17T20:06:52.171Z] [unzip] deflating: C:\Users\meeta\.cache\firebase\emulators\ui-v1.14.0\client\assets\provider-icons\auth_service_email.svg
[debug] [2025-02-17T20:06:52.175Z] [unzip] Entry: client/assets/provider-icons/auth_service_google.svg (compressed_size=409 bytes, uncompressed_size=720 bytes)
[debug] [2025-02-17T20:06:52.175Z] [unzip] Processing entry: client\assets\provider-icons\auth_service_google.svg
[debug] [2025-02-17T20:06:52.175Z] [unzip] else mkdir: C:\Users\meeta\.cache\firebase\emulators\ui-v1.14.0\client\assets\provider-icons
[debug] [2025-02-17T20:06:52.176Z] [unzip] deflating: C:\Users\meeta\.cache\firebase\emulators\ui-v1.14.0\client\assets\provider-icons\auth_service_google.svg
[debug] [2025-02-17T20:06:52.178Z] [unzip] Entry: client/assets/provider-icons/auth_service_oidc.svg (compressed_size=414 bytes, uncompressed_size=858 bytes)
[debug] [2025-02-17T20:06:52.178Z] [unzip] Processing entry: client\assets\provider-icons\auth_service_oidc.svg
[debug] [2025-02-17T20:06:52.178Z] [unzip] else mkdir: C:\Users\meeta\.cache\firebase\emulators\ui-v1.14.0\client\assets\provider-icons
[debug] [2025-02-17T20:06:52.178Z] [unzip] deflating: C:\Users\meeta\.cache\firebase\emulators\ui-v1.14.0\client\assets\provider-icons\auth_service_oidc.svg
[debug] [2025-02-17T20:06:52.180Z] [unzip] Entry: client/browserconfig.xml (compressed_size=491 bytes, uncompressed_size=822 bytes)
[debug] [2025-02-17T20:06:52.180Z] [unzip] Processing entry: client\browserconfig.xml
[debug] [2025-02-17T20:06:52.180Z] [unzip] else mkdir: C:\Users\meeta\.cache\firebase\emulators\ui-v1.14.0\client
[debug] [2025-02-17T20:06:52.180Z] [unzip] deflating: C:\Users\meeta\.cache\firebase\emulators\ui-v1.14.0\client\browserconfig.xml
[debug] [2025-02-17T20:06:52.183Z] [unzip] Entry: client/favicon-32x32.png (compressed_size=475 bytes, uncompressed_size=475 bytes)
[debug] [2025-02-17T20:06:52.183Z] [unzip] Processing entry: client\favicon-32x32.png
[debug] [2025-02-17T20:06:52.183Z] [unzip] else mkdir: C:\Users\meeta\.cache\firebase\emulators\ui-v1.14.0\client
[debug] [2025-02-17T20:06:52.183Z] [unzip] Writing file: C:\Users\meeta\.cache\firebase\emulators\ui-v1.14.0\client\favicon-32x32.png
[debug] [2025-02-17T20:06:52.185Z] [unzip] Entry: server/ (compressed_size=0 bytes, uncompressed_size=0 bytes)
[debug] [2025-02-17T20:06:52.185Z] [unzip] Processing entry: server\
[debug] [2025-02-17T20:06:52.185Z] [unzip] mkdir: C:\Users\meeta\.cache\firebase\emulators\ui-v1.14.0\server\
[debug] [2025-02-17T20:06:52.186Z] [unzip] Entry: server/server.mjs.map (compressed_size=296496 bytes, uncompressed_size=1355667 bytes)
[debug] [2025-02-17T20:06:52.186Z] [unzip] Processing entry: server\server.mjs.map
[debug] [2025-02-17T20:06:52.186Z] [unzip] else mkdir: C:\Users\meeta\.cache\firebase\emulators\ui-v1.14.0\server
[debug] [2025-02-17T20:06:52.187Z] [unzip] deflating: C:\Users\meeta\.cache\firebase\emulators\ui-v1.14.0\server\server.mjs.map
[debug] [2025-02-17T20:06:52.202Z] [unzip] Entry: server/server.mjs (compressed_size=315701 bytes, uncompressed_size=1172682 bytes)
[debug] [2025-02-17T20:06:52.202Z] [unzip] Processing entry: server\server.mjs
[debug] [2025-02-17T20:06:52.202Z] [unzip] else mkdir: C:\Users\meeta\.cache\firebase\emulators\ui-v1.14.0\server
[debug] [2025-02-17T20:06:52.203Z] [unzip] deflating: C:\Users\meeta\.cache\firebase\emulators\ui-v1.14.0\server\server.mjs
[debug] [2025-02-17T20:06:52.218Z] [unzip] Entry: server/assets/ (compressed_size=0 bytes, uncompressed_size=0 bytes)
[debug] [2025-02-17T20:06:52.218Z] [unzip] Processing entry: server\assets\
[debug] [2025-02-17T20:06:52.218Z] [unzip] mkdir: C:\Users\meeta\.cache\firebase\emulators\ui-v1.14.0\server\assets\
[debug] [2025-02-17T20:06:52.218Z] [unzip] Entry: server/assets/multipart-parser-DGCUZdXu.mjs.map (compressed_size=4791 bytes, uncompressed_size=17918 bytes)
[debug] [2025-02-17T20:06:52.218Z] [unzip] Processing entry: server\assets\multipart-parser-DGCUZdXu.mjs.map
[debug] [2025-02-17T20:06:52.219Z] [unzip] else mkdir: C:\Users\meeta\.cache\firebase\emulators\ui-v1.14.0\server\assets
[debug] [2025-02-17T20:06:52.219Z] [unzip] deflating: C:\Users\meeta\.cache\firebase\emulators\ui-v1.14.0\server\assets\multipart-parser-DGCUZdXu.mjs.map
[debug] [2025-02-17T20:06:52.220Z] [unzip] Entry: server/assets/multipart-parser-DGCUZdXu.mjs (compressed_size=2621 bytes, uncompressed_size=10390 bytes)
[debug] [2025-02-17T20:06:52.220Z] [unzip] Processing entry: server\assets\multipart-parser-DGCUZdXu.mjs
[debug] [2025-02-17T20:06:52.220Z] [unzip] else mkdir: C:\Users\meeta\.cache\firebase\emulators\ui-v1.14.0\server\assets
[debug] [2025-02-17T20:06:52.220Z] [unzip] deflating: C:\Users\meeta\.cache\firebase\emulators\ui-v1.14.0\server\assets\multipart-parser-DGCUZdXu.mjs
[debug] [2025-02-17T20:06:52.226Z] Could not find VSCode notification endpoint: FetchError: request to http://localhost:40001/vscode/notify failed, reason: . If you are not running the Firebase Data Connect VSCode extension, this is expected and not an issue.
[info] 
┌─────────────────────────────────────────────────────────────┐
│ ✔  All emulators ready! It is now safe to connect your app. │
│ i  View Emulator UI at http://127.0.0.1:4000/               │
└─────────────────────────────────────────────────────────────┘

┌───────────┬────────────────┬─────────────────────────────────┐
│ Emulator  │ Host:Port      │ View in Emulator UI             │
├───────────┼────────────────┼─────────────────────────────────┤
│ Firestore │ 127.0.0.1:8080 │ http://127.0.0.1:4000/firestore │
├───────────┼────────────────┼─────────────────────────────────┤
│ Storage   │ 127.0.0.1:9199 │ http://127.0.0.1:4000/storage   │
└───────────┴────────────────┴─────────────────────────────────┘
  Emulator Hub running at 127.0.0.1:4400
  Other reserved ports: 4500, 9150

Issues? Report them at https://github.com/firebase/firebase-tools/issues and attach the *-debug.log files.
 
[debug] [2025-02-17T20:16:29.648Z] Feb 18, 2025 1:46:29 AM com.google.cloud.datastore.emulator.firestore.websocket.WebSocketChannelHandler initChannel
INFO: Connected to new websocket client
 {"metadata":{"emulator":{"name":"firestore"},"message":"Feb 18, 2025 1:46:29 AM com.google.cloud.datastore.emulator.firestore.websocket.WebSocketChannelHandler initChannel\r\nINFO: Connected to new websocket client\r\n"}}
[debug] [2025-02-17T20:16:29.655Z] Checked if tokens are valid: true, expires at: 1739826322364
[debug] [2025-02-17T20:16:29.656Z] Checked if tokens are valid: true, expires at: 1739826322364
[debug] [2025-02-17T20:16:29.656Z] >>> [apiv2][query] GET https://firebase.googleapis.com/v1beta1/projects/chatbot-a8da4/adminSdkConfig [none]
[debug] [2025-02-17T20:16:30.370Z] <<< [apiv2][status] GET https://firebase.googleapis.com/v1beta1/projects/chatbot-a8da4/adminSdkConfig 200
[debug] [2025-02-17T20:16:30.370Z] <<< [apiv2][body] GET https://firebase.googleapis.com/v1beta1/projects/chatbot-a8da4/adminSdkConfig {"projectId":"chatbot-a8da4","storageBucket":"chatbot-a8da4.firebasestorage.app"}
[debug] [2025-02-17T20:16:41.815Z] Feb 18, 2025 1:46:41 AM com.google.cloud.datastore.emulator.firestore.websocket.WebSocketChannelHandler channelClosed
INFO: Websocket client disconnected
 {"metadata":{"emulator":{"name":"firestore"},"message":"Feb 18, 2025 1:46:41 AM com.google.cloud.datastore.emulator.firestore.websocket.WebSocketChannelHandler channelClosed\r\nINFO: Websocket client disconnected\r\n"}}
[debug] [2025-02-17T20:16:41.965Z] Feb 18, 2025 1:46:41 AM com.google.cloud.datastore.emulator.firestore.websocket.WebSocketChannelHandler initChannel
INFO: Connected to new websocket client
 {"metadata":{"emulator":{"name":"firestore"},"message":"Feb 18, 2025 1:46:41 AM com.google.cloud.datastore.emulator.firestore.websocket.WebSocketChannelHandler initChannel\r\nINFO: Connected to new websocket client\r\n"}}
[debug] [2025-02-17T20:17:40.656Z] Feb 18, 2025 1:47:40 AM com.google.cloud.datastore.emulator.firestore.websocket.WebSocketChannelHandler channelClosed
INFO: Websocket client disconnected
 {"metadata":{"emulator":{"name":"firestore"},"message":"Feb 18, 2025 1:47:40 AM com.google.cloud.datastore.emulator.firestore.websocket.WebSocketChannelHandler channelClosed\r\nINFO: Websocket client disconnected\r\n"}}
[debug] [2025-02-17T20:17:40.763Z] Feb 18, 2025 1:47:40 AM com.google.cloud.datastore.emulator.firestore.websocket.WebSocketChannelHandler initChannel
INFO: Connected to new websocket client
 {"metadata":{"emulator":{"name":"firestore"},"message":"Feb 18, 2025 1:47:40 AM com.google.cloud.datastore.emulator.firestore.websocket.WebSocketChannelHandler initChannel\r\nINFO: Connected to new websocket client\r\n"}}
[debug] [2025-02-17T20:19:02.390Z] Feb 18, 2025 1:49:02 AM com.google.cloud.datastore.emulator.firestore.websocket.WebSocketChannelHandler channelClosed
INFO: Websocket client disconnected
 {"metadata":{"emulator":{"name":"firestore"},"message":"Feb 18, 2025 1:49:02 AM com.google.cloud.datastore.emulator.firestore.websocket.WebSocketChannelHandler channelClosed\r\nINFO: Websocket client disconnected\r\n"}}
[debug] [2025-02-17T20:19:05.913Z] Received signal SIGHUP 1
[info]  
[info] i  emulators: Received SIGHUP for the first time. Starting a clean shutdown. 
[info] i  emulators: Please wait for a clean shutdown or send the SIGHUP signal again to stop right now. 
[info] i  emulators: Shutting down emulators. {"metadata":{"emulator":{"name":"hub"},"message":"Shutting down emulators."}}
[info] i  ui: Stopping Emulator UI {"metadata":{"emulator":{"name":"ui"},"message":"Stopping Emulator UI"}}
[info] i  firestore: Stopping Firestore Emulator {"metadata":{"emulator":{"name":"firestore"},"message":"Stopping Firestore Emulator"}}
[warn] !  Firestore Emulator has exited upon receiving signal: SIGKILL 
